2026-06-13 12:28:12,818 - __main__ - INFO - Initializing Integrated AI System...
2026-06-13 12:28:12,822 - ai_target_config_system - INFO - Initialized 4 skill categories
2026-06-13 12:28:12,826 - ai_target_config_system - INFO - Authorization system initialized with hashed gate
2026-06-13 12:28:12,829 - ai_target_config_system - INFO - AI Target Config System initialized with consciousness_id: 0009095353
2026-06-13 12:28:12,833 - key_derivation_rollover - INFO - Key Derivation Rollover initialized with 10,721,831,837 iterations
2026-06-13 12:28:12,835 - state_transition_system - INFO - State Transition System initialized
2026-06-13 12:28:12,840 - authorization_system - INFO - Authorization System initialized with hashed gate and unison latch
2026-06-13 12:28:13,107 - ai_target_config_system - INFO - Updated AI target weights: 0.9=0.9, 0.8=0.8, 0.7=0.7
2026-06-13 12:28:13,163 - ai_target_config_system - INFO - Allocated hash spaces: 246 and 256 entries
2026-06-13 12:28:13,165 - ai_target_config_system - INFO - Updated state matrix to leading-9 state for environment 0.9
2026-06-13 12:28:13,167 - __main__ - INFO - Integrated AI System initialized successfully
2026-06-13 12:28:13,168 - __main__ - INFO - Starting system initialization...
2026-06-13 12:28:13,171 - key_derivation_rollover - INFO - Initialized from event: Key_Derivation_Rollover
2026-06-13 12:28:13,173 - key_derivation_rollover - INFO - Generated key address (20-byte): b086c01984fd8d2e304ace0389c9f0ea69b7f0e4
2026-06-13 12:28:13,174 - ai_target_config_system - INFO - Updated state matrix to leading-9 state for environment 0.9
2026-06-13 12:28:13,176 - authorization_system - INFO - Unison latch engaged
2026-06-13 12:28:13,178 - __main__ - INFO - System initialization complete
2026-06-13 12:28:13,180 - __main__ - INFO - Getting comprehensive system status...
2026-06-13 12:30:58,723 - __main__ - INFO - Initializing Integrated AI System...
2026-06-13 12:30:58,726 - ai_target_config_system - INFO - Initialized 4 skill categories
2026-06-13 12:30:58,729 - ai_target_config_system - INFO - Authorization system initialized with hashed gate
2026-06-13 12:30:58,731 - ai_target_config_system - INFO - AI Target Config System initialized with consciousness_id: 0009095353
2026-06-13 12:30:58,734 - key_derivation_rollover - INFO - Key Derivation Rollover initialized with 10,721,831,837 iterations
2026-06-13 12:30:58,736 - state_transition_system - INFO - State Transition System initialized
2026-06-13 12:30:58,739 - authorization_system - INFO - Authorization System initialized with hashed gate and unison latch
2026-06-13 12:30:58,741 - ai_target_config_system - INFO - Updated AI target weights: 0.9=0.9, 0.8=0.8, 0.7=0.7
2026-06-13 12:30:58,790 - ai_target_config_system - INFO - Allocated hash spaces: 246 and 256 entries
2026-06-13 12:30:58,793 - ai_target_config_system - INFO - Updated state matrix to leading-9 state for environment 0.9
2026-06-13 12:30:58,796 - __main__ - INFO - Integrated AI System initialized successfully
2026-06-13 12:30:58,798 - __main__ - INFO - Starting system initialization...
2026-06-13 12:30:58,800 - key_derivation_rollover - INFO - Initialized from event: Key_Derivation_Rollover
2026-06-13 12:30:58,801 - key_derivation_rollover - INFO - Generated key address (20-byte): 3b8381fc818345366d3891c3557eaf49bd262332
2026-06-13 12:30:58,803 - ai_target_config_system - INFO - Updated state matrix to leading-9 state for environment 0.9
2026-06-13 12:30:58,805 - authorization_system - INFO - Unison latch engaged
2026-06-13 12:30:58,807 - __main__ - INFO - System initialization complete
2026-06-13 12:30:58,808 - __main__ - INFO - Getting comprehensive system status...
2026-06-13 12:30:58,840 - __main__ - INFO - Getting comprehensive system status...
2026-06-13 12:32:45,503 - __main__ - INFO - Initializing Integrated AI System...
2026-06-13 12:32:45,507 - ai_target_config_system - INFO - Initialized 4 skill categories
2026-06-13 12:32:45,509 - ai_target_config_system - INFO - Authorization system initialized with hashed gate
2026-06-13 12:32:45,512 - ai_target_config_system - INFO - AI Target Config System initialized with consciousness_id: 0009095353
2026-06-13 12:32:45,514 - key_derivation_rollover - INFO - Key Derivation Rollover initialized with 10,721,831,837 iterations
2026-06-13 12:32:45,517 - state_transition_system - INFO - State Transition System initialized
2026-06-13 12:32:45,521 - authorization_system - INFO - Authorization System initialized with hashed gate and unison latch
2026-06-13 12:32:45,524 - ai_target_config_system - INFO - Updated AI target weights: 0.9=0.9, 0.8=0.8, 0.7=0.7
2026-06-13 12:32:45,574 - ai_target_config_system - INFO - Allocated hash spaces: 246 and 256 entries
2026-06-13 12:32:45,577 - ai_target_config_system - INFO - Updated state matrix to leading-9 state for environment 0.9
2026-06-13 12:32:45,579 - __main__ - INFO - Integrated AI System initialized successfully
2026-06-13 12:32:45,581 - __main__ - INFO - Starting system initialization...
2026-06-13 12:32:45,583 - key_derivation_rollover - INFO - Initialized from event: Key_Derivation_Rollover
2026-06-13 12:32:45,585 - key_derivation_rollover - INFO - Generated key address (20-byte): 96a03c794b7fb3a22204f95f7a987f63d48e28d2
2026-06-13 12:32:45,587 - ai_target_config_system - INFO - Updated state matrix to leading-9 state for environment 0.9
2026-06-13 12:32:45,589 - authorization_system - INFO - Unison latch engaged
2026-06-13 12:32:45,591 - __main__ - INFO - System initialization complete
2026-06-13 12:32:45,593 - __main__ - INFO - Getting comprehensive system status...
2026-06-13 12:32:45,633 - __main__ - INFO - Getting comprehensive system status...
2026-06-13 12:33:37,125 - __main__ - INFO - Initializing Integrated AI System...
2026-06-13 12:33:37,127 - ai_target_config_system - INFO - Initialized 4 skill categories
2026-06-13 12:33:37,130 - ai_target_config_system - INFO - Authorization system initialized with hashed gate
2026-06-13 12:33:37,132 - ai_target_config_system - INFO - AI Target Config System initialized with consciousness_id: 0009095353
2026-06-13 12:33:37,133 - key_derivation_rollover - INFO - Key Derivation Rollover initialized with 10,721,831,837 iterations
2026-06-13 12:33:37,137 - state_transition_system - INFO - State Transition System initialized
2026-06-13 12:33:37,140 - authorization_system - INFO - Authorization System initialized with hashed gate and unison latch
2026-06-13 12:33:37,143 - ai_target_config_system - INFO - Updated AI target weights: 0.9=0.9, 0.8=0.8, 0.7=0.7
2026-06-13 12:33:37,198 - ai_target_config_system - INFO - Allocated hash spaces: 246 and 256 entries
2026-06-13 12:33:37,201 - ai_target_config_system - INFO - Updated state matrix to leading-9 state for environment 0.9
2026-06-13 12:33:37,203 - __main__ - INFO - Integrated AI System initialized successfully
2026-06-13 12:33:37,205 - __main__ - INFO - Starting system initialization...
2026-06-13 12:33:37,207 - key_derivation_rollover - INFO - Initialized from event: Key_Derivation_Rollover
2026-06-13 12:33:37,209 - key_derivation_rollover - INFO - Generated key address (20-byte): cea4812359fcf7eb2c55525ee744c7c823f399be
2026-06-13 12:33:37,211 - ai_target_config_system - INFO - Updated state matrix to leading-9 state for environment 0.9
2026-06-13 12:33:37,213 - authorization_system - INFO - Unison latch engaged
2026-06-13 12:33:37,215 - __main__ - INFO - System initialization complete
2026-06-13 12:33:37,216 - __main__ - INFO - Getting comprehensive system status...
2026-06-13 12:33:37,256 - __main__ - INFO - Getting comprehensive system status...
2026-06-13 12:33:37,263 - __main__ - INFO - Saving all system configurations...
2026-06-13 12:33:37,277 - ai_target_config_system - INFO - Configuration saved to ai_target_config.json
2026-06-13 12:33:37,546 - key_derivation_rollover - INFO - Rollover state saved to key_derivation_rollover_state.json
2026-06-13 12:33:37,587 - state_transition_system - INFO - State transition system saved to state_transition_system.json
2026-06-13 12:33:37,600 - authorization_system - INFO - Authorization state saved to authorization_state.json
2026-06-13 12:33:37,603 - __main__ - INFO - All configurations saved successfully
